
8월 19, 2024 15:39:34.457 NEW SESSION
8월 19, 2024 15:39:34.457 Created TensorFlow Lite XNNPACK delegate for CPU.
8월 19, 2024 15:40:25.380 Created TensorFlow Lite XNNPACK delegate for CPU.
8월 19, 2024 15:41:43.255 Created TensorFlow Lite XNNPACK delegate for CPU.
8월 19, 2024 15:42:22.687 Created TensorFlow Lite XNNPACK delegate for CPU.
8월 19, 2024 15:49:47.49 Created TensorFlow Lite XNNPACK delegate for CPU.
8월 19, 2024 16:02:29.640 Created TensorFlow Lite XNNPACK delegate for CPU.
8월 19, 2024 16:42:14.321 [17372:8108:0819/164214.321:ERROR:interface_endpoint_client.cc(722)] Message 5 rejected by interface blink.mojom.WidgetHost
8월 19, 2024 16:45:04.144 [17372:8108:0819/164504.144:ERROR:interface_endpoint_client.cc(722)] Message 0 rejected by interface blink.mojom.WidgetHost
8월 19, 2024 16:45:12.295 [17372:8108:0819/164512.294:ERROR:interface_endpoint_client.cc(722)] Message 0 rejected by interface blink.mojom.WidgetHost
8월 19, 2024 16:55:14.839 [17372:8108:0819/165514.839:ERROR:interface_endpoint_client.cc(722)] Message 0 rejected by interface blink.mojom.WidgetHost

8월 21, 2024 12:49:55.477 NEW SESSION
8월 21, 2024 12:49:55.478 Created TensorFlow Lite XNNPACK delegate for CPU.
8월 21, 2024 12:51:15.448 Created TensorFlow Lite XNNPACK delegate for CPU.
8월 21, 2024 13:02:20.281 Created TensorFlow Lite XNNPACK delegate for CPU.
8월 21, 2024 13:03:54.833 Created TensorFlow Lite XNNPACK delegate for CPU.
8월 21, 2024 14:46:35.786 [9740:3236:0821/144635.785:ERROR:interface_endpoint_client.cc(722)] Message 0 rejected by interface blink.mojom.WidgetHost
8월 21, 2024 15:50:26.923 [9740:3236:0821/155026.923:ERROR:device_event_log_impl.cc(196)] [15:50:26.923] Bluetooth: bluetooth_adapter_winrt.cc:1055 Getting Default Adapter failed.

8월 28, 2024 14:25:53.508 NEW SESSION
8월 28, 2024 14:25:53.508 Created TensorFlow Lite XNNPACK delegate for CPU.
8월 28, 2024 14:26:14.171 [4724:2808:0828/142614.170:ERROR:connection_factory_impl.cc(434)] Failed to connect to MCS endpoint with error -118
8월 28, 2024 14:26:47.911 [4724:5804:0828/142647.910:ERROR:persistent_memory_allocator.cc(908)] Corruption detected in shared-memory segment.
8월 28, 2024 14:26:55.679 [4724:2808:0828/142655.678:ERROR:connection_factory_impl.cc(434)] Failed to connect to MCS endpoint with error -118
8월 28, 2024 14:28:11.212 [4724:2808:0828/142811.211:ERROR:connection_factory_impl.cc(434)] Failed to connect to MCS endpoint with error -118
8월 28, 2024 14:58:42.376 Created TensorFlow Lite XNNPACK delegate for CPU.
8월 28, 2024 15:34:15.268 [6620:3884:0828/153415.268:ERROR:interface_endpoint_client.cc(722)] Message 1 rejected by interface blink.mojom.WidgetHost

8월 29, 2024 09:36:49.190 NEW SESSION
8월 29, 2024 09:36:49.190 Created TensorFlow Lite XNNPACK delegate for CPU.
8월 29, 2024 10:34:47.514 [11008:2688:0829/103447.514:ERROR:interface_endpoint_client.cc(722)] Message 5 rejected by interface blink.mojom.WidgetHost
8월 29, 2024 17:00:22.749 [11008:2688:0829/170022.749:ERROR:interface_endpoint_client.cc(722)] Message 0 rejected by interface blink.mojom.WidgetHost

8월 30, 2024 09:34:41.14 NEW SESSION
8월 30, 2024 09:34:41.14 Created TensorFlow Lite XNNPACK delegate for CPU.
8월 30, 2024 09:34:57.865 Created TensorFlow Lite XNNPACK delegate for CPU.
8월 30, 2024 10:16:53.262 Created TensorFlow Lite XNNPACK delegate for CPU.
8월 30, 2024 10:39:36.391 Created TensorFlow Lite XNNPACK delegate for CPU.
8월 30, 2024 10:43:07.879 Created TensorFlow Lite XNNPACK delegate for CPU.
8월 30, 2024 14:47:33.487 [5924:11180:0830/144733.486:ERROR:interface_endpoint_client.cc(722)] Message 5 rejected by interface blink.mojom.WidgetHost

9월 02, 2024 09:33:32.486 NEW SESSION
9월 02, 2024 09:33:32.486 Created TensorFlow Lite XNNPACK delegate for CPU.
9월 02, 2024 10:05:30.550 [13744:5620:0902/100530.549:ERROR:interface_endpoint_client.cc(722)] Message 1 rejected by interface blink.mojom.WidgetHost
9월 02, 2024 10:59:56.133 [13744:5620:0902/105956.133:ERROR:interface_endpoint_client.cc(722)] Message 5 rejected by interface blink.mojom.WidgetHost

9월 05, 2024 10:20:36.924 NEW SESSION
9월 05, 2024 10:20:36.924 Created TensorFlow Lite XNNPACK delegate for CPU.
9월 05, 2024 11:05:35.164 [4840:6952:0905/110535.164:ERROR:cert_verify_proc_builtin.cc(1063)] CertVerifyProcBuiltin for wcs.naver.com failed:
9월 05, 2024 11:05:35.165 ----- Certificate i=0 (CN=wcs.naver.com,O=NAVER Corp.,L=Seongnam-si,ST=Gyeonggi-do,C=KR) -----
9월 05, 2024 11:05:35.165 ERROR: Time is after notAfter
9월 05, 2024 11:05:35.166 
9월 05, 2024 11:05:35.166 
9월 05, 2024 12:31:08.44 [4840:4892:0905/123108.044:ERROR:interface_endpoint_client.cc(722)] Message 0 rejected by interface blink.mojom.WidgetHost
9월 05, 2024 13:50:46.140 [4840:4892:0905/135046.139:ERROR:interface_endpoint_client.cc(722)] Message 0 rejected by interface blink.mojom.WidgetHost

9월 09, 2024 09:35:43.916 NEW SESSION
9월 09, 2024 09:35:43.916 Created TensorFlow Lite XNNPACK delegate for CPU.
9월 09, 2024 09:36:32.307 Created TensorFlow Lite XNNPACK delegate for CPU.
9월 09, 2024 10:17:57.708 Created TensorFlow Lite XNNPACK delegate for CPU.

9월 11, 2024 14:06:41.581 NEW SESSION
9월 11, 2024 14:06:41.581 Created TensorFlow Lite XNNPACK delegate for CPU.
9월 11, 2024 14:49:06.579 [1912:7952:0911/144906.579:ERROR:cert_verify_proc_builtin.cc(1063)] CertVerifyProcBuiltin for sync.adotmob.com failed:
9월 11, 2024 14:49:06.580 ----- Certificate i=0 (CN=sync.adotmob.com) -----
9월 11, 2024 14:49:06.580 ERROR: Time is after notAfter
9월 11, 2024 14:49:06.580 
9월 11, 2024 14:49:06.581 
9월 11, 2024 14:53:08.156 [1912:7952:0911/145308.156:ERROR:cert_verify_proc_builtin.cc(1063)] CertVerifyProcBuiltin for sync.adotmob.com failed:
9월 11, 2024 14:53:08.157 ----- Certificate i=0 (CN=sync.adotmob.com) -----
9월 11, 2024 14:53:08.158 ERROR: Time is after notAfter
9월 11, 2024 14:53:08.158 
9월 11, 2024 14:53:08.159 
9월 11, 2024 14:55:08.379 [1912:7952:0911/145508.378:ERROR:cert_verify_proc_builtin.cc(1063)] CertVerifyProcBuiltin for sync.adotmob.com failed:
9월 11, 2024 14:55:08.379 ----- Certificate i=0 (CN=sync.adotmob.com) -----
9월 11, 2024 14:55:08.380 ERROR: Time is after notAfter
9월 11, 2024 14:55:08.380 
9월 11, 2024 14:55:08.381 
9월 11, 2024 14:57:10.602 [1912:7952:0911/145710.601:ERROR:cert_verify_proc_builtin.cc(1063)] CertVerifyProcBuiltin for sync.adotmob.com failed:
9월 11, 2024 14:57:10.603 ----- Certificate i=0 (CN=sync.adotmob.com) -----
9월 11, 2024 14:57:10.603 ERROR: Time is after notAfter
9월 11, 2024 14:57:10.604 
9월 11, 2024 14:57:10.604 
9월 11, 2024 14:57:42.392 [1912:7952:0911/145742.392:ERROR:cert_verify_proc_builtin.cc(1063)] CertVerifyProcBuiltin for sync.adotmob.com failed:
9월 11, 2024 14:57:42.392 ----- Certificate i=0 (CN=sync.adotmob.com) -----
9월 11, 2024 14:57:42.393 ERROR: Time is after notAfter
9월 11, 2024 14:57:42.393 
9월 11, 2024 14:57:42.393 
9월 11, 2024 15:01:10.72 [1912:7952:0911/150110.072:ERROR:cert_verify_proc_builtin.cc(1063)] CertVerifyProcBuiltin for sync.adotmob.com failed:
9월 11, 2024 15:01:10.72 ----- Certificate i=0 (CN=sync.adotmob.com) -----
9월 11, 2024 15:01:10.72 ERROR: Time is after notAfter
9월 11, 2024 15:01:10.72 
9월 11, 2024 15:01:10.72 
9월 11, 2024 15:01:10.326 [1912:7952:0911/150110.326:ERROR:cert_verify_proc_builtin.cc(1063)] CertVerifyProcBuiltin for sync.adotmob.com failed:
9월 11, 2024 15:01:10.326 ----- Certificate i=0 (CN=sync.adotmob.com) -----
9월 11, 2024 15:01:10.326 ERROR: Time is after notAfter
9월 11, 2024 15:01:10.327 
9월 11, 2024 15:01:10.327 
9월 11, 2024 15:01:11.808 [1912:7952:0911/150111.808:ERROR:cert_verify_proc_builtin.cc(1063)] CertVerifyProcBuiltin for sync.adotmob.com failed:
9월 11, 2024 15:01:11.808 ----- Certificate i=0 (CN=sync.adotmob.com) -----
9월 11, 2024 15:01:11.824 ERROR: Time is after notAfter
9월 11, 2024 15:01:11.824 
9월 11, 2024 15:01:11.824 
9월 11, 2024 15:01:43.966 [1912:7952:0911/150143.966:ERROR:cert_verify_proc_builtin.cc(1063)] CertVerifyProcBuiltin for sync.adotmob.com failed:
9월 11, 2024 15:01:43.966 ----- Certificate i=0 (CN=sync.adotmob.com) -----
9월 11, 2024 15:01:43.967 ERROR: Time is after notAfter
9월 11, 2024 15:01:43.967 
9월 11, 2024 15:01:43.967 
9월 11, 2024 15:01:44.228 [1912:7952:0911/150144.228:ERROR:cert_verify_proc_builtin.cc(1063)] CertVerifyProcBuiltin for sync.adotmob.com failed:
9월 11, 2024 15:01:44.228 ----- Certificate i=0 (CN=sync.adotmob.com) -----
9월 11, 2024 15:01:44.228 ERROR: Time is after notAfter
9월 11, 2024 15:01:44.228 
9월 11, 2024 15:01:44.229 
9월 11, 2024 15:05:46.735 [1912:7952:0911/150546.735:ERROR:cert_verify_proc_builtin.cc(1063)] CertVerifyProcBuiltin for sync.adotmob.com failed:
9월 11, 2024 15:05:46.735 ----- Certificate i=0 (CN=sync.adotmob.com) -----
9월 11, 2024 15:05:46.735 ERROR: Time is after notAfter
9월 11, 2024 15:05:46.735 
9월 11, 2024 15:05:46.735 
9월 11, 2024 15:09:48.767 [1912:7952:0911/150948.767:ERROR:cert_verify_proc_builtin.cc(1063)] CertVerifyProcBuiltin for sync.adotmob.com failed:
9월 11, 2024 15:09:48.768 ----- Certificate i=0 (CN=sync.adotmob.com) -----
9월 11, 2024 15:09:48.768 ERROR: Time is after notAfter
9월 11, 2024 15:09:48.768 
9월 11, 2024 15:09:48.768 
9월 11, 2024 15:41:47.433 [1912:7952:0911/154147.433:ERROR:cert_verify_proc_builtin.cc(1063)] CertVerifyProcBuiltin for sync.adotmob.com failed:
9월 11, 2024 15:41:47.433 ----- Certificate i=0 (CN=sync.adotmob.com) -----
9월 11, 2024 15:41:47.433 ERROR: Time is after notAfter
9월 11, 2024 15:41:47.433 
9월 11, 2024 15:41:47.433 
9월 11, 2024 16:21:46.313 [1912:7952:0911/162146.312:ERROR:cert_verify_proc_builtin.cc(1063)] CertVerifyProcBuiltin for sync.adotmob.com failed:
9월 11, 2024 16:21:46.314 ----- Certificate i=0 (CN=sync.adotmob.com) -----
9월 11, 2024 16:21:46.314 ERROR: Time is after notAfter
9월 11, 2024 16:21:46.315 
9월 11, 2024 16:21:46.315 
9월 11, 2024 18:04:32.457 [1912:9344:0911/180432.457:ERROR:sharing_service.cc(251)] Device un-registration failed with fatal error
9월 11, 2024 18:04:33.922 [1912:9344:0911/180433.922:ERROR:device_event_log_impl.cc(196)] [18:04:33.922] Bluetooth: bluetooth_adapter_winrt.cc:1055 Getting Default Adapter failed.

9월 26, 2024 09:48:42.710 NEW SESSION
9월 26, 2024 09:48:42.710 Created TensorFlow Lite XNNPACK delegate for CPU.
9월 26, 2024 11:27:20.201 [2084:11324:0926/112720.201:ERROR:cert_verify_proc_builtin.cc(1063)] CertVerifyProcBuiltin for report.edgecast.com failed:
9월 26, 2024 11:27:20.201 ----- Certificate i=0 (CN=report.edgecast.com) -----
9월 26, 2024 11:27:20.201 ERROR: Time is after notAfter
9월 26, 2024 11:27:20.201 
9월 26, 2024 11:27:20.201 
9월 26, 2024 11:31:17.492 [2084:8392:0926/113117.492:ERROR:interface_endpoint_client.cc(725)] Message 0 rejected by interface blink.mojom.WidgetHost
